*** Starting uWSGI 2.0.17 (64bit) on [Tue Jul  3 19:26:23 2018] ***
compiled with version: 5.4.0 20160609 on 03 July 2018 10:28:32
os: Linux-4.4.0-91-generic #114-Ubuntu SMP Tue Aug 8 11:56:56 UTC 2017
nodename: VM-0-5-ubuntu
machine: x86_64
clock source: unix
pcre jit disabled
detected number of CPU cores: 1
current working directory: /home/ubuntu/flaskapp
writing pidfile to uwsgi.pid
detected binary path: /usr/local/bin/uwsgi
*** WARNING: you are running uWSGI without its master process manager ***
your processes number limit is 7338
your memory page size is 4096 bytes
detected max file descriptor number: 1024
lock engine: pthread robust mutexes
thunder lock: disabled (you can enable it with --thunder-lock)
uWSGI http bound on :5800 fd 4
spawned uWSGI http 1 (pid: 15991)
uwsgi socket 0 bound to TCP address 127.0.0.1:33377 (port auto-assigned) fd 3
Python version: 2.7.12 (default, Dec  4 2017, 14:50:18)  [GCC 5.4.0 20160609]
*** Python threads support is disabled. You can enable it with --enable-threads ***
Python main interpreter initialized at 0xf7ebd0
your server socket listen backlog is limited to 100 connections
your mercy for graceful operations on workers is 60 seconds
mapped 72904 bytes (71 KB) for 1 cores
*** Operational MODE: single process ***
*** no app loaded. going in full dynamic mode ***
*** uWSGI is running in multiple interpreter mode ***
spawned uWSGI worker 1 (and the only) (pid: 15990, cores: 1)
*** Starting uWSGI 2.0.17 (64bit) on [Tue Jul  3 19:27:06 2018] ***
compiled with version: 5.4.0 20160609 on 03 July 2018 10:28:32
os: Linux-4.4.0-91-generic #114-Ubuntu SMP Tue Aug 8 11:56:56 UTC 2017
nodename: VM-0-5-ubuntu
machine: x86_64
clock source: unix
pcre jit disabled
detected number of CPU cores: 1
current working directory: /home/ubuntu/flaskapp
writing pidfile to uwsgi.pid
detected binary path: /usr/local/bin/uwsgi
your processes number limit is 7338
your memory page size is 4096 bytes
detected max file descriptor number: 1024
lock engine: pthread robust mutexes
thunder lock: disabled (you can enable it with --thunder-lock)
probably another instance of uWSGI is running on the same address (:5800).
bind(): Address already in use [core/socket.c line 769]
--- no python application found, check your startup logs for errors ---
[pid: 15990|app: -1|req: -1/1] 202.118.69.128 () {34 vars in 492 bytes} [Tue Jul  3 19:27:25 2018] GET / => generated 21 bytes in 0 msecs (HTTP/1.1 500) 2 headers in 83 bytes (0 switches on core 0)
--- no python application found, check your startup logs for errors ---
[pid: 15990|app: -1|req: -1/2] 202.118.69.128 () {32 vars in 451 bytes} [Tue Jul  3 19:27:25 2018] GET /favicon.ico => generated 21 bytes in 0 msecs (HTTP/1.1 500) 2 headers in 83 bytes (0 switches on core 0)
*** Starting uWSGI 2.0.17 (64bit) on [Tue Jul  3 19:27:44 2018] ***
compiled with version: 5.4.0 20160609 on 03 July 2018 10:28:32
os: Linux-4.4.0-91-generic #114-Ubuntu SMP Tue Aug 8 11:56:56 UTC 2017
nodename: VM-0-5-ubuntu
machine: x86_64
clock source: unix
pcre jit disabled
detected number of CPU cores: 1
current working directory: /home/ubuntu/flaskapp
writing pidfile to uwsgi.pid
detected binary path: /usr/local/bin/uwsgi
your processes number limit is 7338
your memory page size is 4096 bytes
detected max file descriptor number: 1024
lock engine: pthread robust mutexes
thunder lock: disabled (you can enable it with --thunder-lock)
uWSGI http bound on :9090 fd 3
uwsgi socket 0 bound to TCP address 127.0.0.0:5000 fd 6
Python version: 2.7.12 (default, Dec  4 2017, 14:50:18)  [GCC 5.4.0 20160609]
*** Python threads support is disabled. You can enable it with --enable-threads ***
Python main interpreter initialized at 0x9dccd0
your server socket listen backlog is limited to 100 connections
your mercy for graceful operations on workers is 60 seconds
mapped 364520 bytes (355 KB) for 4 cores
*** Operational MODE: preforking ***
WSGI app 0 (mountpoint='') ready in 0 seconds on interpreter 0x9dccd0 pid: 16060 (default app)
*** uWSGI is running in multiple interpreter mode ***
spawned uWSGI master process (pid: 16060)
spawned uWSGI worker 1 (pid: 16062, cores: 1)
spawned uWSGI worker 2 (pid: 16063, cores: 1)
spawned uWSGI worker 3 (pid: 16064, cores: 1)
spawned uWSGI worker 4 (pid: 16065, cores: 1)
spawned uWSGI http 1 (pid: 16066)
*** Starting uWSGI 2.0.17 (64bit) on [Tue Jul  3 19:29:43 2018] ***
compiled with version: 5.4.0 20160609 on 03 July 2018 10:28:32
os: Linux-4.4.0-91-generic #114-Ubuntu SMP Tue Aug 8 11:56:56 UTC 2017
nodename: VM-0-5-ubuntu
machine: x86_64
clock source: unix
pcre jit disabled
detected number of CPU cores: 1
current working directory: /home/ubuntu/flaskapp
writing pidfile to uwsgi.pid
detected binary path: /usr/local/bin/uwsgi
your processes number limit is 7338
your memory page size is 4096 bytes
detected max file descriptor number: 1024
lock engine: pthread robust mutexes
thunder lock: disabled (you can enable it with --thunder-lock)
probably another instance of uWSGI is running on the same address (:9090).
bind(): Address already in use [core/socket.c line 769]
*** Starting uWSGI 2.0.17 (64bit) on [Tue Jul  3 19:34:35 2018] ***
compiled with version: 5.4.0 20160609 on 03 July 2018 10:28:32
os: Linux-4.4.0-91-generic #114-Ubuntu SMP Tue Aug 8 11:56:56 UTC 2017
nodename: VM-0-5-ubuntu
machine: x86_64
clock source: unix
pcre jit disabled
detected number of CPU cores: 1
current working directory: /home/ubuntu/flaskapp
writing pidfile to uwsgi.pid
detected binary path: /usr/local/bin/uwsgi
your processes number limit is 7338
your memory page size is 4096 bytes
detected max file descriptor number: 1024
lock engine: pthread robust mutexes
thunder lock: disabled (you can enable it with --thunder-lock)
probably another instance of uWSGI is running on the same address (:9090).
bind(): Address already in use [core/socket.c line 769]
*** Starting uWSGI 2.0.17 (64bit) on [Tue Jul  3 19:37:03 2018] ***
compiled with version: 5.4.0 20160609 on 03 July 2018 10:28:32
os: Linux-4.4.0-91-generic #114-Ubuntu SMP Tue Aug 8 11:56:56 UTC 2017
nodename: VM-0-5-ubuntu
machine: x86_64
clock source: unix
pcre jit disabled
detected number of CPU cores: 1
current working directory: /home/ubuntu/flaskapp
writing pidfile to uwsgi.pid
detected binary path: /usr/local/bin/uwsgi
your processes number limit is 7338
your memory page size is 4096 bytes
detected max file descriptor number: 1024
lock engine: pthread robust mutexes
thunder lock: disabled (you can enable it with --thunder-lock)
probably another instance of uWSGI is running on the same address (:9090).
bind(): Address already in use [core/socket.c line 769]
*** Starting uWSGI 2.0.17 (64bit) on [Tue Jul  3 19:42:11 2018] ***
compiled with version: 5.4.0 20160609 on 03 July 2018 10:28:32
os: Linux-4.4.0-91-generic #114-Ubuntu SMP Tue Aug 8 11:56:56 UTC 2017
nodename: VM-0-5-ubuntu
machine: x86_64
clock source: unix
pcre jit disabled
detected number of CPU cores: 1
current working directory: /home/ubuntu/flaskapp
writing pidfile to uwsgi.pid
detected binary path: /usr/local/bin/uwsgi
chdir() to /home/ubuntu/flaskapp
your processes number limit is 7338
your memory page size is 4096 bytes
detected max file descriptor number: 1024
lock engine: pthread robust mutexes
thunder lock: disabled (you can enable it with --thunder-lock)
probably another instance of uWSGI is running on the same address (:9090).
bind(): Address already in use [core/socket.c line 769]
SIGINT/SIGQUIT received...killing workers...
gateway "uWSGI http 1" has been buried (pid: 16066)
worker 1 buried after 1 seconds
worker 2 buried after 1 seconds
worker 3 buried after 1 seconds
worker 4 buried after 1 seconds
goodbye to uWSGI.
VACUUM: pidfile removed.
